Using pre-set license
Built from '2020.3/staging' branch; Version is '2020.3.8f1 (507919d4fff5) revision 5273881'; Using compiler version '192528614'; Build Type 'Release'
OS: 'Windows 10 Pro; OS build 19042.985; Version 2009; 64bit' Language: 'ja' Physical Memory: 16310 MB
BatchMode: 1, IsHumanControllingUs: 0, StartBugReporterOnCrash: 0, Is64bit: 1, IsPro: 0

 COMMAND LINE ARGUMENTS:
C:\Program Files\Unity\Hub\Editor\2020.3.8f1\Editor\Unity.exe
-adb2
-batchMode
-noUpm
-name
AssetImportWorker0
-projectPath
C:/Users/smpeo/Desktop/Unity/StartProject
-logFile
Logs/AssetImportWorker0.log
-srvPort
52162
Successfully changed project path to: C:/Users/smpeo/Desktop/Unity/StartProject
C:/Users/smpeo/Desktop/Unity/StartProject
Using Asset Import Pipeline V2.
Refreshing native plugins compatible for Editor in 20.95 ms, found 0 plugins.
Preloading 0 native plugins for Editor in 0.00 ms.
Initialize engine version: 2020.3.8f1 (507919d4fff5)
[Subsystems] Discovering subsystems at path C:/Program Files/Unity/Hub/Editor/2020.3.8f1/Editor/Data/Resources/UnitySubsystems
[Subsystems] Discovering subsystems at path C:/Users/smpeo/Desktop/Unity/StartProject/Assets
GfxDevice: creating device client; threaded=0
Direct3D:
    Version:  Direct3D 11.0 [level 11.1]
    Renderer: NVIDIA GeForce GTX 1650 (ID=0x1f82)
    Vendor:   
    VRAM:     3962 MB
    Driver:   27.21.14.5671
Initialize mono
Mono path[0] = 'C:/Program Files/Unity/Hub/Editor/2020.3.8f1/Editor/Data/Managed'
Mono path[1] = 'C:/Program Files/Unity/Hub/Editor/2020.3.8f1/Editor/Data/MonoBleedingEdge/lib/mono/unityjit'
Mono config path = 'C:/Program Files/Unity/Hub/Editor/2020.3.8f1/Editor/Data/MonoBleedingEdge/etc'
Using monoOptions --debugger-agent=transport=dt_socket,embedding=1,server=y,suspend=n,address=127.0.0.1:56184
Begin MonoManager ReloadAssembly
Registering precompiled unity dll's ...
Register platform support module: C:/Program Files/Unity/Hub/Editor/2020.3.8f1/Editor/Data/PlaybackEngines/WindowsStandaloneSupport/UnityEditor.WindowsStandalone.Extensions.dll
Registered in 0.001767 seconds.
Native extension for WindowsStandalone target not found
Refreshing native plugins compatible for Editor in 22.13 ms, found 0 plugins.
Preloading 0 native plugins for Editor in 0.00 ms.
Mono: successfully reloaded assembly
- Completed reload, in  1.444 seconds
Platform modules already initialized, skipping
Registering precompiled user dll's ...
Registered in 0.000615 seconds.
Begin MonoManager ReloadAssembly
Native extension for WindowsStandalone target not found
Refreshing native plugins compatible for Editor in 0.25 ms, found 0 plugins.
Preloading 0 native plugins for Editor in 0.00 ms.
Mono: successfully reloaded assembly
- Completed reload, in  0.642 seconds
Platform modules already initialized, skipping
========================================================================
Worker process is ready to serve import requests
Launched and connected shader compiler UnityShaderCompiler.exe after 0.03 seconds
Refreshing native plugins compatible for Editor in 0.20 ms, found 0 plugins.
Preloading 0 native plugins for Editor in 0.00 ms.
Unloading 1322 Unused Serialized files (Serialized files now loaded: 0)
System memory in use before: 68.4 MB.
System memory in use after: 68.4 MB.

Unloading 11 unused Assets to reduce memory usage. Loaded Objects now: 1768.
Total: 1.280000 ms (FindLiveObjects: 0.114100 ms CreateObjectMapping: 0.037200 ms MarkObjects: 1.074400 ms  DeleteObjects: 0.053600 ms)

========================================================================
Received Import Request.
  path: Assets/Camera.playable
  artifactKey: Guid(acec6e990c48398458b922bfc1b3cbe3) Importer(815301076,1909f56bfc062723c751e8b465ee728b)
Start importing Assets/Camera.playable using Guid(acec6e990c48398458b922bfc1b3cbe3) Importer(815301076,1909f56bfc062723c751e8b465ee728b)  -> (artifact id: '64e4f65f91aa01766a69b46a683bcdf3') in 0.023942 seconds
  Import took 0.025472 seconds .

========================================================================
Received Import Request.
  Time since last request: 83.578734 seconds.
  path: Assets/CM vcam2Timeline.playable
  artifactKey: Guid(7fd7cf1f586664c4e949878a00828e65) Importer(815301076,1909f56bfc062723c751e8b465ee728b)
Start importing Assets/CM vcam2Timeline.playable using Guid(7fd7cf1f586664c4e949878a00828e65) Importer(815301076,1909f56bfc062723c751e8b465ee728b)  -> (artifact id: 'af8db8ba4b484d3f1f0d5671c9941ffa') in 0.004790 seconds
  Import took 0.006366 seconds .

========================================================================
Received Prepare
Registering precompiled user dll's ...
Registered in 0.000549 seconds.
Begin MonoManager ReloadAssembly
Native extension for WindowsStandalone target not found
Refreshing native plugins compatible for Editor in 0.22 ms, found 0 plugins.
Preloading 0 native plugins for Editor in 0.00 ms.
Mono: successfully reloaded assembly
- Completed reload, in  0.632 seconds
Platform modules already initialized, skipping
Refreshing native plugins compatible for Editor in 0.34 ms, found 0 plugins.
Preloading 0 native plugins for Editor in 0.00 ms.
Unloading 1305 Unused Serialized files (Serialized files now loaded: 0)
System memory in use before: 67.2 MB.
System memory in use after: 67.3 MB.

Unloading 6 unused Assets to reduce memory usage. Loaded Objects now: 1771.
Total: 1.679100 ms (FindLiveObjects: 0.189200 ms CreateObjectMapping: 0.070000 ms MarkObjects: 1.374600 ms  DeleteObjects: 0.044600 ms)

========================================================================
Received Prepare
Registering precompiled user dll's ...
Registered in 0.000588 seconds.
Begin MonoManager ReloadAssembly
Native extension for WindowsStandalone target not found
Refreshing native plugins compatible for Editor in 0.21 ms, found 0 plugins.
Preloading 0 native plugins for Editor in 0.00 ms.
Mono: successfully reloaded assembly
- Completed reload, in  0.628 seconds
Platform modules already initialized, skipping
Refreshing native plugins compatible for Editor in 0.23 ms, found 0 plugins.
Preloading 0 native plugins for Editor in 0.00 ms.
Unloading 1305 Unused Serialized files (Serialized files now loaded: 0)
System memory in use before: 67.2 MB.
System memory in use after: 67.3 MB.

Unloading 6 unused Assets to reduce memory usage. Loaded Objects now: 1774.
Total: 1.358000 ms (FindLiveObjects: 0.132500 ms CreateObjectMapping: 0.037000 ms MarkObjects: 1.145500 ms  DeleteObjects: 0.042300 ms)

========================================================================
Received Import Request.
  Time since last request: 556.894999 seconds.
  path: Assets/CM vcam.anim
  artifactKey: Guid(d1159b7691e55f8489dea9a0f9e74b53) Importer(815301076,1909f56bfc062723c751e8b465ee728b)
Start importing Assets/CM vcam.anim using Guid(d1159b7691e55f8489dea9a0f9e74b53) Importer(815301076,1909f56bfc062723c751e8b465ee728b)  -> (artifact id: '94fb1e7a206e2852c8c3424fe64f0a04') in 0.015052 seconds
  Import took 0.016712 seconds .

========================================================================
Received Import Request.
  Time since last request: 275.387019 seconds.
  path: Assets/CM vcam1Timeline.playable
  artifactKey: Guid(9ee087c7212d8d440ae5f4e8cb03aba0) Importer(815301076,1909f56bfc062723c751e8b465ee728b)
Start importing Assets/CM vcam1Timeline.playable using Guid(9ee087c7212d8d440ae5f4e8cb03aba0) Importer(815301076,1909f56bfc062723c751e8b465ee728b)  -> (artifact id: '6854600ed686250f821ea41e1b65031c') in 0.006607 seconds
  Import took 0.008255 seconds .

========================================================================
Received Prepare
Registering precompiled user dll's ...
Registered in 0.000528 seconds.
Begin MonoManager ReloadAssembly
Native extension for WindowsStandalone target not found
Refreshing native plugins compatible for Editor in 0.20 ms, found 0 plugins.
Preloading 0 native plugins for Editor in 0.00 ms.
Mono: successfully reloaded assembly
- Completed reload, in  0.595 seconds
Platform modules already initialized, skipping
Refreshing native plugins compatible for Editor in 0.20 ms, found 0 plugins.
Preloading 0 native plugins for Editor in 0.00 ms.
Unloading 1305 Unused Serialized files (Serialized files now loaded: 0)
System memory in use before: 67.2 MB.
System memory in use after: 67.3 MB.

Unloading 6 unused Assets to reduce memory usage. Loaded Objects now: 1777.
Total: 1.226200 ms (FindLiveObjects: 0.109500 ms CreateObjectMapping: 0.032200 ms MarkObjects: 1.042100 ms  DeleteObjects: 0.041900 ms)

========================================================================
Received Prepare
Registering precompiled user dll's ...
Registered in 0.000691 seconds.
Begin MonoManager ReloadAssembly
Native extension for WindowsStandalone target not found
Refreshing native plugins compatible for Editor in 0.20 ms, found 0 plugins.
Preloading 0 native plugins for Editor in 0.00 ms.
Mono: successfully reloaded assembly
- Completed reload, in  0.582 seconds
Platform modules already initialized, skipping
Refreshing native plugins compatible for Editor in 0.20 ms, found 0 plugins.
Preloading 0 native plugins for Editor in 0.00 ms.
Unloading 1305 Unused Serialized files (Serialized files now loaded: 0)
System memory in use before: 67.2 MB.
System memory in use after: 67.3 MB.

Unloading 6 unused Assets to reduce memory usage. Loaded Objects now: 1780.
Total: 1.276000 ms (FindLiveObjects: 0.117300 ms CreateObjectMapping: 0.036200 ms MarkObjects: 1.081700 ms  DeleteObjects: 0.040200 ms)

========================================================================
Received Prepare
Registering precompiled user dll's ...
Registered in 0.000636 seconds.
Begin MonoManager ReloadAssembly
Native extension for WindowsStandalone target not found
Refreshing native plugins compatible for Editor in 0.20 ms, found 0 plugins.
Preloading 0 native plugins for Editor in 0.00 ms.
Mono: successfully reloaded assembly
- Completed reload, in  0.574 seconds
Platform modules already initialized, skipping
Refreshing native plugins compatible for Editor in 0.20 ms, found 0 plugins.
Preloading 0 native plugins for Editor in 0.00 ms.
Unloading 1305 Unused Serialized files (Serialized files now loaded: 0)
System memory in use before: 67.2 MB.
System memory in use after: 67.3 MB.

Unloading 6 unused Assets to reduce memory usage. Loaded Objects now: 1783.
Total: 1.382800 ms (FindLiveObjects: 0.128300 ms CreateObjectMapping: 0.036200 ms MarkObjects: 1.170800 ms  DeleteObjects: 0.046800 ms)

========================================================================
Received Import Request.
  Time since last request: 976.583484 seconds.
  path: Assets/Scripts/TimeLineMarker.cs
  artifactKey: Guid(686bcb5c14db92a458000a91125257e8) Importer(815301076,1909f56bfc062723c751e8b465ee728b)
Start importing Assets/Scripts/TimeLineMarker.cs using Guid(686bcb5c14db92a458000a91125257e8) Importer(815301076,1909f56bfc062723c751e8b465ee728b)  -> (artifact id: '92196578103587e6bb2ae2fcb8181706') in 0.008803 seconds
  Import took 0.010715 seconds .

========================================================================
Received Import Request.
  Time since last request: 0.000473 seconds.
  path: Assets/Scripts/TimeLineMarker.cs
  artifactKey: Guid(686bcb5c14db92a458000a91125257e8) Importer(815301076,1909f56bfc062723c751e8b465ee728b)
Start importing Assets/Scripts/TimeLineMarker.cs using Guid(686bcb5c14db92a458000a91125257e8) Importer(815301076,1909f56bfc062723c751e8b465ee728b)  -> (artifact id: '92196578103587e6bb2ae2fcb8181706') in 0.001788 seconds
  Import took 0.003411 seconds .

========================================================================
Received Prepare
Registering precompiled user dll's ...
Registered in 0.000573 seconds.
Begin MonoManager ReloadAssembly
Native extension for WindowsStandalone target not found
Refreshing native plugins compatible for Editor in 0.21 ms, found 0 plugins.
Preloading 0 native plugins for Editor in 0.00 ms.
Mono: successfully reloaded assembly
- Completed reload, in  0.634 seconds
Platform modules already initialized, skipping
Refreshing native plugins compatible for Editor in 0.20 ms, found 0 plugins.
Preloading 0 native plugins for Editor in 0.00 ms.
Unloading 1306 Unused Serialized files (Serialized files now loaded: 0)
System memory in use before: 67.2 MB.
System memory in use after: 67.3 MB.

Unloading 6 unused Assets to reduce memory usage. Loaded Objects now: 1787.
Total: 1.367600 ms (FindLiveObjects: 0.119200 ms CreateObjectMapping: 0.039200 ms MarkObjects: 1.160300 ms  DeleteObjects: 0.048100 ms)

========================================================================
Received Import Request.
  Time since last request: 87.863447 seconds.
  path: Assets/Scripts/TimeLineMarker.cs
  artifactKey: Guid(686bcb5c14db92a458000a91125257e8) Importer(815301076,1909f56bfc062723c751e8b465ee728b)
Start importing Assets/Scripts/TimeLineMarker.cs using Guid(686bcb5c14db92a458000a91125257e8) Importer(815301076,1909f56bfc062723c751e8b465ee728b)  -> (artifact id: '4f076cb84729ef1c2764bcc14fcc24a5') in 0.004242 seconds
  Import took 0.006071 seconds .

========================================================================
Received Import Request.
  Time since last request: 0.040562 seconds.
  path: Assets/Scripts/TimeLineMarker.cs
  artifactKey: Guid(686bcb5c14db92a458000a91125257e8) Importer(815301076,1909f56bfc062723c751e8b465ee728b)
Start importing Assets/Scripts/TimeLineMarker.cs using Guid(686bcb5c14db92a458000a91125257e8) Importer(815301076,1909f56bfc062723c751e8b465ee728b)  -> (artifact id: '4f076cb84729ef1c2764bcc14fcc24a5') in 0.001803 seconds
  Import took 0.003547 seconds .

========================================================================
Received Prepare
Registering precompiled user dll's ...
Registered in 0.000561 seconds.
Begin MonoManager ReloadAssembly
Native extension for WindowsStandalone target not found
Refreshing native plugins compatible for Editor in 0.20 ms, found 0 plugins.
Preloading 0 native plugins for Editor in 0.00 ms.
Mono: successfully reloaded assembly
- Completed reload, in  0.602 seconds
Platform modules already initialized, skipping
Refreshing native plugins compatible for Editor in 0.20 ms, found 0 plugins.
Preloading 0 native plugins for Editor in 0.00 ms.
Unloading 1306 Unused Serialized files (Serialized files now loaded: 0)
System memory in use before: 67.2 MB.
System memory in use after: 67.3 MB.

Unloading 6 unused Assets to reduce memory usage. Loaded Objects now: 1790.
Total: 1.322000 ms (FindLiveObjects: 0.180800 ms CreateObjectMapping: 0.056100 ms MarkObjects: 1.042200 ms  DeleteObjects: 0.042300 ms)

========================================================================
Received Import Request.
  Time since last request: 78.341207 seconds.
  path: Assets/Scripts/TimeLineNotification.cs
  artifactKey: Guid(686bcb5c14db92a458000a91125257e8) Importer(815301076,1909f56bfc062723c751e8b465ee728b)
Start importing Assets/Scripts/TimeLineNotification.cs using Guid(686bcb5c14db92a458000a91125257e8) Importer(815301076,1909f56bfc062723c751e8b465ee728b)  -> (artifact id: '1618de87f234c461689e775cf4564e88') in 0.007248 seconds
  Import took 0.008993 seconds .

========================================================================
Received Import Request.
  Time since last request: 0.000554 seconds.
  path: Assets/Scripts/TimeLineNotification.cs
  artifactKey: Guid(686bcb5c14db92a458000a91125257e8) Importer(815301076,1909f56bfc062723c751e8b465ee728b)
Start importing Assets/Scripts/TimeLineNotification.cs using Guid(686bcb5c14db92a458000a91125257e8) Importer(815301076,1909f56bfc062723c751e8b465ee728b)  -> (artifact id: '1618de87f234c461689e775cf4564e88') in 0.001850 seconds
  Import took 0.003459 seconds .

========================================================================
Received Prepare
Registering precompiled user dll's ...
Registered in 0.000523 seconds.
Begin MonoManager ReloadAssembly
Native extension for WindowsStandalone target not found
Refreshing native plugins compatible for Editor in 0.20 ms, found 0 plugins.
Preloading 0 native plugins for Editor in 0.00 ms.
Mono: successfully reloaded assembly
- Completed reload, in  0.703 seconds
Platform modules already initialized, skipping
Refreshing native plugins compatible for Editor in 0.21 ms, found 0 plugins.
Preloading 0 native plugins for Editor in 0.00 ms.
Unloading 1306 Unused Serialized files (Serialized files now loaded: 0)
System memory in use before: 67.3 MB.
System memory in use after: 67.3 MB.

Unloading 6 unused Assets to reduce memory usage. Loaded Objects now: 1793.
Total: 1.317100 ms (FindLiveObjects: 0.119300 ms CreateObjectMapping: 0.036800 ms MarkObjects: 1.116600 ms  DeleteObjects: 0.043700 ms)

========================================================================
Received Import Request.
  Time since last request: 72.203697 seconds.
  path: Assets/Scripts/NotificationReciever.cs
  artifactKey: Guid(681970177d420364c998ba2b68bd49b6) Importer(815301076,1909f56bfc062723c751e8b465ee728b)
Start importing Assets/Scripts/NotificationReciever.cs using Guid(681970177d420364c998ba2b68bd49b6) Importer(815301076,1909f56bfc062723c751e8b465ee728b)  -> (artifact id: '6a60cb754d2971ca8c66ace3ba5358f5') in 0.008537 seconds
  Import took 0.010315 seconds .

========================================================================
Received Prepare
Registering precompiled user dll's ...
Registered in 0.000525 seconds.
Begin MonoManager ReloadAssembly
Native extension for WindowsStandalone target not found
Refreshing native plugins compatible for Editor in 0.19 ms, found 0 plugins.
Preloading 0 native plugins for Editor in 0.00 ms.
Mono: successfully reloaded assembly
- Completed reload, in  0.586 seconds
Platform modules already initialized, skipping
Refreshing native plugins compatible for Editor in 0.21 ms, found 0 plugins.
Preloading 0 native plugins for Editor in 0.00 ms.
Unloading 1307 Unused Serialized files (Serialized files now loaded: 0)
System memory in use before: 67.3 MB.
System memory in use after: 67.4 MB.

Unloading 6 unused Assets to reduce memory usage. Loaded Objects now: 1797.
Total: 1.351500 ms (FindLiveObjects: 0.123400 ms CreateObjectMapping: 0.041200 ms MarkObjects: 1.140200 ms  DeleteObjects: 0.045800 ms)

========================================================================
Received Import Request.
  Time since last request: 100.981720 seconds.
  path: Assets/Scripts/NotificationReciever.cs
  artifactKey: Guid(681970177d420364c998ba2b68bd49b6) Importer(815301076,1909f56bfc062723c751e8b465ee728b)
Start importing Assets/Scripts/NotificationReciever.cs using Guid(681970177d420364c998ba2b68bd49b6) Importer(815301076,1909f56bfc062723c751e8b465ee728b)  -> (artifact id: '97d9663ccc52d68d9fa6210c14412b6e') in 0.005338 seconds
  Import took 0.006966 seconds .

========================================================================
Received Import Request.
  Time since last request: 0.038655 seconds.
  path: Assets/Scripts/NotificationReciever.cs
  artifactKey: Guid(681970177d420364c998ba2b68bd49b6) Importer(815301076,1909f56bfc062723c751e8b465ee728b)
Start importing Assets/Scripts/NotificationReciever.cs using Guid(681970177d420364c998ba2b68bd49b6) Importer(815301076,1909f56bfc062723c751e8b465ee728b)  -> (artifact id: '97d9663ccc52d68d9fa6210c14412b6e') in 0.001827 seconds
  Import took 0.003502 seconds .

========================================================================
Received Prepare
Registering precompiled user dll's ...
Registered in 0.000510 seconds.
Begin MonoManager ReloadAssembly
Native extension for WindowsStandalone target not found
Refreshing native plugins compatible for Editor in 0.19 ms, found 0 plugins.
Preloading 0 native plugins for Editor in 0.00 ms.
Mono: successfully reloaded assembly
- Completed reload, in  0.593 seconds
Platform modules already initialized, skipping
Refreshing native plugins compatible for Editor in 0.20 ms, found 0 plugins.
Preloading 0 native plugins for Editor in 0.00 ms.
Unloading 1307 Unused Serialized files (Serialized files now loaded: 0)
System memory in use before: 67.3 MB.
System memory in use after: 67.4 MB.

Unloading 6 unused Assets to reduce memory usage. Loaded Objects now: 1800.
Total: 1.304300 ms (FindLiveObjects: 0.108400 ms CreateObjectMapping: 0.031400 ms MarkObjects: 1.123900 ms  DeleteObjects: 0.040000 ms)

========================================================================
Received Import Request.
  Time since last request: 285.752104 seconds.
  path: Assets/New Signal.signal
  artifactKey: Guid(a237f9565d2118b4e9f5273cc31d0b99) Importer(815301076,1909f56bfc062723c751e8b465ee728b)
Start importing Assets/New Signal.signal using Guid(a237f9565d2118b4e9f5273cc31d0b99) Importer(815301076,1909f56bfc062723c751e8b465ee728b)  -> (artifact id: '66e4e0f46bb2ac52a5864108e6b99768') in 0.036834 seconds
  Import took 0.040464 seconds .

========================================================================
Received Import Request.
  Time since last request: 80.946767 seconds.
  path: Assets/Scripts/Game.cs
  artifactKey: Guid(1f4368dbe19a53844ba2fe5140f6b640) Importer(815301076,1909f56bfc062723c751e8b465ee728b)
Start importing Assets/Scripts/Game.cs using Guid(1f4368dbe19a53844ba2fe5140f6b640) Importer(815301076,1909f56bfc062723c751e8b465ee728b)  -> (artifact id: '89ae98ae437664d597903024446b305d') in 0.004712 seconds
  Import took 0.006458 seconds .

========================================================================
Received Import Request.
  Time since last request: 0.002250 seconds.
  path: Assets/Scripts/Game.cs
  artifactKey: Guid(1f4368dbe19a53844ba2fe5140f6b640) Importer(815301076,1909f56bfc062723c751e8b465ee728b)
Start importing Assets/Scripts/Game.cs using Guid(1f4368dbe19a53844ba2fe5140f6b640) Importer(815301076,1909f56bfc062723c751e8b465ee728b)  -> (artifact id: '89ae98ae437664d597903024446b305d') in 0.001783 seconds
  Import took 0.003393 seconds .

========================================================================
Received Prepare
Registering precompiled user dll's ...
Registered in 0.000534 seconds.
Begin MonoManager ReloadAssembly
Native extension for WindowsStandalone target not found
Refreshing native plugins compatible for Editor in 0.19 ms, found 0 plugins.
Preloading 0 native plugins for Editor in 0.00 ms.
Mono: successfully reloaded assembly
- Completed reload, in  0.593 seconds
Platform modules already initialized, skipping
Refreshing native plugins compatible for Editor in 0.20 ms, found 0 plugins.
Preloading 0 native plugins for Editor in 0.00 ms.
Unloading 1307 Unused Serialized files (Serialized files now loaded: 0)
System memory in use before: 67.3 MB.
System memory in use after: 67.4 MB.

Unloading 6 unused Assets to reduce memory usage. Loaded Objects now: 1803.
Total: 1.259800 ms (FindLiveObjects: 0.111400 ms CreateObjectMapping: 0.032000 ms MarkObjects: 1.075600 ms  DeleteObjects: 0.040100 ms)

========================================================================
Received Prepare
Registering precompiled user dll's ...
Registered in 0.000549 seconds.
Begin MonoManager ReloadAssembly
Native extension for WindowsStandalone target not found
Refreshing native plugins compatible for Editor in 0.22 ms, found 0 plugins.
Preloading 0 native plugins for Editor in 0.00 ms.
Mono: successfully reloaded assembly
- Completed reload, in  0.665 seconds
Platform modules already initialized, skipping
Refreshing native plugins compatible for Editor in 0.21 ms, found 0 plugins.
Preloading 0 native plugins for Editor in 0.00 ms.
Unloading 1307 Unused Serialized files (Serialized files now loaded: 0)
System memory in use before: 67.3 MB.
System memory in use after: 67.4 MB.

Unloading 6 unused Assets to reduce memory usage. Loaded Objects now: 1806.
Total: 1.281000 ms (FindLiveObjects: 0.116400 ms CreateObjectMapping: 0.037500 ms MarkObjects: 1.085200 ms  DeleteObjects: 0.041200 ms)

========================================================================
Received Prepare
Registering precompiled user dll's ...
Registered in 0.000538 seconds.
Begin MonoManager ReloadAssembly
Native extension for WindowsStandalone target not found
Refreshing native plugins compatible for Editor in 0.20 ms, found 0 plugins.
Preloading 0 native plugins for Editor in 0.00 ms.
Mono: successfully reloaded assembly
- Completed reload, in  0.595 seconds
Platform modules already initialized, skipping
Refreshing native plugins compatible for Editor in 0.22 ms, found 0 plugins.
Preloading 0 native plugins for Editor in 0.00 ms.
Unloading 1307 Unused Serialized files (Serialized files now loaded: 0)
System memory in use before: 67.3 MB.
System memory in use after: 67.4 MB.

Unloading 6 unused Assets to reduce memory usage. Loaded Objects now: 1809.
Total: 1.318400 ms (FindLiveObjects: 0.111400 ms CreateObjectMapping: 0.037200 ms MarkObjects: 1.130400 ms  DeleteObjects: 0.038800 ms)

========================================================================
Received Prepare
Registering precompiled user dll's ...
Registered in 0.000531 seconds.
Begin MonoManager ReloadAssembly
Native extension for WindowsStandalone target not found
Refreshing native plugins compatible for Editor in 0.20 ms, found 0 plugins.
Preloading 0 native plugins for Editor in 0.00 ms.
Mono: successfully reloaded assembly
- Completed reload, in  0.600 seconds
Platform modules already initialized, skipping
Refreshing native plugins compatible for Editor in 0.21 ms, found 0 plugins.
Preloading 0 native plugins for Editor in 0.00 ms.
Unloading 1307 Unused Serialized files (Serialized files now loaded: 0)
System memory in use before: 67.3 MB.
System memory in use after: 67.4 MB.

Unloading 6 unused Assets to reduce memory usage. Loaded Objects now: 1812.
Total: 1.293800 ms (FindLiveObjects: 0.113900 ms CreateObjectMapping: 0.034100 ms MarkObjects: 1.105600 ms  DeleteObjects: 0.039700 ms)

========================================================================
Received Prepare
Registering precompiled user dll's ...
Registered in 0.000539 seconds.
Begin MonoManager ReloadAssembly
Native extension for WindowsStandalone target not found
Refreshing native plugins compatible for Editor in 0.20 ms, found 0 plugins.
Preloading 0 native plugins for Editor in 0.00 ms.
Mono: successfully reloaded assembly
- Completed reload, in  0.588 seconds
Platform modules already initialized, skipping
Refreshing native plugins compatible for Editor in 0.22 ms, found 0 plugins.
Preloading 0 native plugins for Editor in 0.00 ms.
Unloading 1307 Unused Serialized files (Serialized files now loaded: 0)
System memory in use before: 67.3 MB.
System memory in use after: 67.4 MB.

Unloading 6 unused Assets to reduce memory usage. Loaded Objects now: 1815.
Total: 1.369700 ms (FindLiveObjects: 0.117500 ms CreateObjectMapping: 0.035100 ms MarkObjects: 1.175200 ms  DeleteObjects: 0.041400 ms)

========================================================================
Received Prepare
Registering precompiled user dll's ...
Registered in 0.000613 seconds.
Begin MonoManager ReloadAssembly
Native extension for WindowsStandalone target not found
Refreshing native plugins compatible for Editor in 0.24 ms, found 0 plugins.
Preloading 0 native plugins for Editor in 0.00 ms.
Mono: successfully reloaded assembly
- Completed reload, in  0.607 seconds
Platform modules already initialized, skipping
Refreshing native plugins compatible for Editor in 0.20 ms, found 0 plugins.
Preloading 0 native plugins for Editor in 0.00 ms.
Unloading 1307 Unused Serialized files (Serialized files now loaded: 0)
System memory in use before: 67.3 MB.
System memory in use after: 67.4 MB.

Unloading 6 unused Assets to reduce memory usage. Loaded Objects now: 1818.
Total: 1.235000 ms (FindLiveObjects: 0.111500 ms CreateObjectMapping: 0.034100 ms MarkObjects: 1.049700 ms  DeleteObjects: 0.039200 ms)

========================================================================
Received Prepare
Registering precompiled user dll's ...
Registered in 0.000678 seconds.
Begin MonoManager ReloadAssembly
Native extension for WindowsStandalone target not found
Refreshing native plugins compatible for Editor in 0.20 ms, found 0 plugins.
Preloading 0 native plugins for Editor in 0.00 ms.
Mono: successfully reloaded assembly
- Completed reload, in  0.593 seconds
Platform modules already initialized, skipping
Refreshing native plugins compatible for Editor in 0.20 ms, found 0 plugins.
Preloading 0 native plugins for Editor in 0.00 ms.
Unloading 1307 Unused Serialized files (Serialized files now loaded: 0)
System memory in use before: 67.3 MB.
System memory in use after: 67.4 MB.

Unloading 6 unused Assets to reduce memory usage. Loaded Objects now: 1821.
Total: 1.251800 ms (FindLiveObjects: 0.114500 ms CreateObjectMapping: 0.035000 ms MarkObjects: 1.060400 ms  DeleteObjects: 0.041200 ms)

========================================================================
Received Prepare
Registering precompiled user dll's ...
Registered in 0.000531 seconds.
Begin MonoManager ReloadAssembly
Native extension for WindowsStandalone target not found
Refreshing native plugins compatible for Editor in 0.21 ms, found 0 plugins.
Preloading 0 native plugins for Editor in 0.00 ms.
Mono: successfully reloaded assembly
- Completed reload, in  0.595 seconds
Platform modules already initialized, skipping
Refreshing native plugins compatible for Editor in 0.20 ms, found 0 plugins.
Preloading 0 native plugins for Editor in 0.00 ms.
Unloading 1307 Unused Serialized files (Serialized files now loaded: 0)
System memory in use before: 67.3 MB.
System memory in use after: 67.4 MB.

Unloading 6 unused Assets to reduce memory usage. Loaded Objects now: 1824.
Total: 1.408500 ms (FindLiveObjects: 0.145200 ms CreateObjectMapping: 0.043400 ms MarkObjects: 1.171900 ms  DeleteObjects: 0.047400 ms)

========================================================================
Received Prepare
Registering precompiled user dll's ...
Registered in 0.000582 seconds.
Begin MonoManager ReloadAssembly
Native extension for WindowsStandalone target not found
Refreshing native plugins compatible for Editor in 0.20 ms, found 0 plugins.
Preloading 0 native plugins for Editor in 0.00 ms.
Mono: successfully reloaded assembly
- Completed reload, in  0.598 seconds
Platform modules already initialized, skipping
Refreshing native plugins compatible for Editor in 0.23 ms, found 0 plugins.
Preloading 0 native plugins for Editor in 0.00 ms.
Unloading 1307 Unused Serialized files (Serialized files now loaded: 0)
System memory in use before: 67.3 MB.
System memory in use after: 67.4 MB.

Unloading 6 unused Assets to reduce memory usage. Loaded Objects now: 1827.
Total: 1.298100 ms (FindLiveObjects: 0.131200 ms CreateObjectMapping: 0.034300 ms MarkObjects: 1.090100 ms  DeleteObjects: 0.042000 ms)

========================================================================
Received Prepare
Registering precompiled user dll's ...
Registered in 0.000715 seconds.
Begin MonoManager ReloadAssembly
Native extension for WindowsStandalone target not found
Refreshing native plugins compatible for Editor in 0.21 ms, found 0 plugins.
Preloading 0 native plugins for Editor in 0.00 ms.
Mono: successfully reloaded assembly
- Completed reload, in  0.629 seconds
Platform modules already initialized, skipping
Refreshing native plugins compatible for Editor in 0.20 ms, found 0 plugins.
Preloading 0 native plugins for Editor in 0.00 ms.
Unloading 1307 Unused Serialized files (Serialized files now loaded: 0)
System memory in use before: 67.3 MB.
System memory in use after: 67.4 MB.

Unloading 6 unused Assets to reduce memory usage. Loaded Objects now: 1830.
Total: 1.388400 ms (FindLiveObjects: 0.141000 ms CreateObjectMapping: 0.041400 ms MarkObjects: 1.150800 ms  DeleteObjects: 0.054400 ms)

========================================================================
Received Prepare
Registering precompiled user dll's ...
Registered in 0.000523 seconds.
Begin MonoManager ReloadAssembly
Native extension for WindowsStandalone target not found
Refreshing native plugins compatible for Editor in 0.20 ms, found 0 plugins.
Preloading 0 native plugins for Editor in 0.00 ms.
Mono: successfully reloaded assembly
- Completed reload, in  0.584 seconds
Platform modules already initialized, skipping
Refreshing native plugins compatible for Editor in 0.23 ms, found 0 plugins.
Preloading 0 native plugins for Editor in 0.00 ms.
Unloading 1307 Unused Serialized files (Serialized files now loaded: 0)
System memory in use before: 67.3 MB.
System memory in use after: 67.4 MB.

Unloading 6 unused Assets to reduce memory usage. Loaded Objects now: 1833.
Total: 1.232400 ms (FindLiveObjects: 0.111900 ms CreateObjectMapping: 0.032300 ms MarkObjects: 1.047800 ms  DeleteObjects: 0.039600 ms)

========================================================================
Received Prepare
Registering precompiled user dll's ...
Registered in 0.000523 seconds.
Begin MonoManager ReloadAssembly
Native extension for WindowsStandalone target not found
Refreshing native plugins compatible for Editor in 0.22 ms, found 0 plugins.
Preloading 0 native plugins for Editor in 0.00 ms.
Mono: successfully reloaded assembly
- Completed reload, in  0.600 seconds
Platform modules already initialized, skipping
Refreshing native plugins compatible for Editor in 0.21 ms, found 0 plugins.
Preloading 0 native plugins for Editor in 0.00 ms.
Unloading 1307 Unused Serialized files (Serialized files now loaded: 0)
System memory in use before: 67.4 MB.
System memory in use after: 67.4 MB.

Unloading 6 unused Assets to reduce memory usage. Loaded Objects now: 1836.
Total: 1.269100 ms (FindLiveObjects: 0.123100 ms CreateObjectMapping: 0.035100 ms MarkObjects: 1.069000 ms  DeleteObjects: 0.041300 ms)

========================================================================
Received Prepare
Registering precompiled user dll's ...
Registered in 0.000645 seconds.
Begin MonoManager ReloadAssembly
Native extension for WindowsStandalone target not found
Refreshing native plugins compatible for Editor in 0.20 ms, found 0 plugins.
Preloading 0 native plugins for Editor in 0.00 ms.
Mono: successfully reloaded assembly
- Completed reload, in  0.619 seconds
Platform modules already initialized, skipping
Refreshing native plugins compatible for Editor in 0.22 ms, found 0 plugins.
Preloading 0 native plugins for Editor in 0.00 ms.
Unloading 1307 Unused Serialized files (Serialized files now loaded: 0)
System memory in use before: 67.4 MB.
System memory in use after: 67.4 MB.

Unloading 6 unused Assets to reduce memory usage. Loaded Objects now: 1839.
Total: 1.895500 ms (FindLiveObjects: 0.199200 ms CreateObjectMapping: 0.057700 ms MarkObjects: 1.578600 ms  DeleteObjects: 0.058600 ms)

========================================================================
Received Prepare
Registering precompiled user dll's ...
Registered in 0.000560 seconds.
Begin MonoManager ReloadAssembly
Native extension for WindowsStandalone target not found
Refreshing native plugins compatible for Editor in 0.20 ms, found 0 plugins.
Preloading 0 native plugins for Editor in 0.00 ms.
Mono: successfully reloaded assembly
- Completed reload, in  0.581 seconds
Platform modules already initialized, skipping
Refreshing native plugins compatible for Editor in 0.20 ms, found 0 plugins.
Preloading 0 native plugins for Editor in 0.00 ms.
Unloading 1307 Unused Serialized files (Serialized files now loaded: 0)
System memory in use before: 67.4 MB.
System memory in use after: 67.4 MB.

Unloading 6 unused Assets to reduce memory usage. Loaded Objects now: 1842.
Total: 1.483800 ms (FindLiveObjects: 0.180100 ms CreateObjectMapping: 0.061500 ms MarkObjects: 1.193800 ms  DeleteObjects: 0.047300 ms)

========================================================================
Received Import Request.
  Time since last request: 3977.321211 seconds.
  path: Assets/Scripts/Game.cs
  artifactKey: Guid(1f4368dbe19a53844ba2fe5140f6b640) Importer(815301076,1909f56bfc062723c751e8b465ee728b)
Start importing Assets/Scripts/Game.cs using Guid(1f4368dbe19a53844ba2fe5140f6b640) Importer(815301076,1909f56bfc062723c751e8b465ee728b)  -> (artifact id: '27bff8851d833462aba0e3d114726cdf') in 0.005503 seconds
  Import took 0.007822 seconds .

========================================================================
Received Import Request.
  Time since last request: 0.020177 seconds.
  path: Assets/Scripts/Game.cs
  artifactKey: Guid(1f4368dbe19a53844ba2fe5140f6b640) Importer(815301076,1909f56bfc062723c751e8b465ee728b)
Start importing Assets/Scripts/Game.cs using Guid(1f4368dbe19a53844ba2fe5140f6b640) Importer(815301076,1909f56bfc062723c751e8b465ee728b)  -> (artifact id: '27bff8851d833462aba0e3d114726cdf') in 0.001888 seconds
  Import took 0.003510 seconds .

========================================================================
Received Prepare
Registering precompiled user dll's ...
Registered in 0.000582 seconds.
Begin MonoManager ReloadAssembly
Native extension for WindowsStandalone target not found
Refreshing native plugins compatible for Editor in 0.20 ms, found 0 plugins.
Preloading 0 native plugins for Editor in 0.00 ms.
Mono: successfully reloaded assembly
- Completed reload, in  0.628 seconds
Platform modules already initialized, skipping
Refreshing native plugins compatible for Editor in 0.22 ms, found 0 plugins.
Preloading 0 native plugins for Editor in 0.00 ms.
Unloading 1307 Unused Serialized files (Serialized files now loaded: 0)
System memory in use before: 67.4 MB.
System memory in use after: 67.4 MB.

Unloading 6 unused Assets to reduce memory usage. Loaded Objects now: 1845.
Total: 1.253200 ms (FindLiveObjects: 0.115000 ms CreateObjectMapping: 0.034100 ms MarkObjects: 1.063400 ms  DeleteObjects: 0.040100 ms)

========================================================================
Received Prepare
Registering precompiled user dll's ...
Registered in 0.000544 seconds.
Begin MonoManager ReloadAssembly
Native extension for WindowsStandalone target not found
Refreshing native plugins compatible for Editor in 0.21 ms, found 0 plugins.
Preloading 0 native plugins for Editor in 0.00 ms.
Mono: successfully reloaded assembly
- Completed reload, in  0.588 seconds
Platform modules already initialized, skipping
Refreshing native plugins compatible for Editor in 0.21 ms, found 0 plugins.
Preloading 0 native plugins for Editor in 0.00 ms.
Unloading 1307 Unused Serialized files (Serialized files now loaded: 0)
System memory in use before: 67.4 MB.
System memory in use after: 67.5 MB.

Unloading 6 unused Assets to reduce memory usage. Loaded Objects now: 1848.
Total: 1.231000 ms (FindLiveObjects: 0.107800 ms CreateObjectMapping: 0.037200 ms MarkObjects: 1.047800 ms  DeleteObjects: 0.037600 ms)

========================================================================
Received Prepare
Registering precompiled user dll's ...
Registered in 0.000537 seconds.
Begin MonoManager ReloadAssembly
Native extension for WindowsStandalone target not found
Refreshing native plugins compatible for Editor in 0.20 ms, found 0 plugins.
Preloading 0 native plugins for Editor in 0.00 ms.
Mono: successfully reloaded assembly
- Completed reload, in  0.600 seconds
Platform modules already initialized, skipping
Refreshing native plugins compatible for Editor in 0.20 ms, found 0 plugins.
Preloading 0 native plugins for Editor in 0.00 ms.
Unloading 1307 Unused Serialized files (Serialized files now loaded: 0)
System memory in use before: 67.4 MB.
System memory in use after: 67.5 MB.

Unloading 6 unused Assets to reduce memory usage. Loaded Objects now: 1851.
Total: 1.267100 ms (FindLiveObjects: 0.118200 ms CreateObjectMapping: 0.037700 ms MarkObjects: 1.073600 ms  DeleteObjects: 0.036900 ms)

========================================================================
Received Prepare
Registering precompiled user dll's ...
Registered in 0.000571 seconds.
Begin MonoManager ReloadAssembly
Native extension for WindowsStandalone target not found
Refreshing native plugins compatible for Editor in 0.21 ms, found 0 plugins.
Preloading 0 native plugins for Editor in 0.00 ms.
Mono: successfully reloaded assembly
- Completed reload, in  0.605 seconds
Platform modules already initialized, skipping
Refreshing native plugins compatible for Editor in 0.21 ms, found 0 plugins.
Preloading 0 native plugins for Editor in 0.00 ms.
Unloading 1307 Unused Serialized files (Serialized files now loaded: 0)
System memory in use before: 67.4 MB.
System memory in use after: 67.5 MB.

Unloading 6 unused Assets to reduce memory usage. Loaded Objects now: 1854.
Total: 1.296400 ms (FindLiveObjects: 0.141300 ms CreateObjectMapping: 0.043100 ms MarkObjects: 1.069200 ms  DeleteObjects: 0.041900 ms)

========================================================================
Received Prepare
Registering precompiled user dll's ...
Registered in 0.000585 seconds.
Begin MonoManager ReloadAssembly
Native extension for WindowsStandalone target not found
Refreshing native plugins compatible for Editor in 0.19 ms, found 0 plugins.
Preloading 0 native plugins for Editor in 0.00 ms.
Mono: successfully reloaded assembly
- Completed reload, in  0.584 seconds
Platform modules already initialized, skipping
Refreshing native plugins compatible for Editor in 0.20 ms, found 0 plugins.
Preloading 0 native plugins for Editor in 0.00 ms.
Unloading 1307 Unused Serialized files (Serialized files now loaded: 0)
System memory in use before: 67.4 MB.
System memory in use after: 67.5 MB.

Unloading 6 unused Assets to reduce memory usage. Loaded Objects now: 1857.
Total: 1.241900 ms (FindLiveObjects: 0.115000 ms CreateObjectMapping: 0.036900 ms MarkObjects: 1.052700 ms  DeleteObjects: 0.036800 ms)

========================================================================
Received Prepare
Registering precompiled user dll's ...
Registered in 0.000571 seconds.
Begin MonoManager ReloadAssembly
Native extension for WindowsStandalone target not found
Refreshing native plugins compatible for Editor in 0.20 ms, found 0 plugins.
Preloading 0 native plugins for Editor in 0.00 ms.
Mono: successfully reloaded assembly
- Completed reload, in  0.585 seconds
Platform modules already initialized, skipping
Refreshing native plugins compatible for Editor in 0.20 ms, found 0 plugins.
Preloading 0 native plugins for Editor in 0.00 ms.
Unloading 1307 Unused Serialized files (Serialized files now loaded: 0)
System memory in use before: 67.4 MB.
System memory in use after: 67.5 MB.

Unloading 6 unused Assets to reduce memory usage. Loaded Objects now: 1860.
Total: 1.244600 ms (FindLiveObjects: 0.114700 ms CreateObjectMapping: 0.032200 ms MarkObjects: 1.055000 ms  DeleteObjects: 0.042200 ms)

========================================================================
Received Prepare
Registering precompiled user dll's ...
Registered in 0.000576 seconds.
Begin MonoManager ReloadAssembly
Native extension for WindowsStandalone target not found
Refreshing native plugins compatible for Editor in 0.20 ms, found 0 plugins.
Preloading 0 native plugins for Editor in 0.00 ms.
Mono: successfully reloaded assembly
- Completed reload, in  0.595 seconds
Platform modules already initialized, skipping
Refreshing native plugins compatible for Editor in 0.20 ms, found 0 plugins.
Preloading 0 native plugins for Editor in 0.00 ms.
Unloading 1307 Unused Serialized files (Serialized files now loaded: 0)
System memory in use before: 67.4 MB.
System memory in use after: 67.5 MB.

Unloading 6 unused Assets to reduce memory usage. Loaded Objects now: 1863.
Total: 1.244100 ms (FindLiveObjects: 0.112400 ms CreateObjectMapping: 0.036300 ms MarkObjects: 1.057400 ms  DeleteObjects: 0.037500 ms)

AssetImportWorkerClient::OnTransportError - code=2 error=End of file
